<?xml version="1.0" encoding="UTF-8"?>
<!-- Generated by org.testng.reporters.JUnitXMLReporter -->
<testsuite ignored="1" hostname="DESKTOP-TD8A7VK" failures="0" tests="5" name="carloan" time="0.037" errors="0" timestamp="2021-07-17T19:46:15 IST">
  <testcase classname="Test.day3" name="DataPro" time="0.002"/>
  <testcase classname="Test.day3" name="DataPro" time="0.002"/>
  <testcase classname="Test.day3" name="DataPro" time="0.002"/>
  <testcase classname="Test.day3" name="Webcarloan" time="0.006"/>
  <testcase classname="Test.day3" name="APIcarloan" time="0.001"/>
  <testcase classname="Test.day3" name="Mobilecarloan" time="0.0">
    <ignored/>
  </testcase> <!-- Mobilecarloan -->
</testsuite> <!-- carloan -->
