<?xml version="1.0" encoding="UTF-8"?>
<!-- Generated by org.testng.reporters.JUnitXMLReporter -->
<testsuite ignored="1" hostname="DESKTOP-TD8A7VK" failures="0" tests="6" name="PersonalLoan" time="0.075" errors="0" timestamp="2021-07-17T19:46:15 IST">
  <testcase classname="Test.day1" name="test" time="0.008"/>
  <testcase classname="Test.day2" name="Aloan" time="0.008"/>
  <testcase classname="Test.day2" name="loan" time="0.001"/>
  <testcase classname="Test.day4" name="APILoginhomeloan" time="0.001"/>
  <testcase classname="Test.day4" name="Mobileloginhomeloan" time="0.002"/>
  <testcase classname="Test.day4" name="Webloginhomeloan" time="0.001"/>
  <testcase classname="Test.day1" name="demo" time="0.0">
    <ignored/>
  </testcase> <!-- demo -->
</testsuite> <!-- PersonalLoan -->
